<?xml version="1.0" encoding="UTF-8" standalone="no"?>
<!DOCTYPE suite SYSTEM "http://testng.org/testng-1.0.dtd">

<suite name="LoginToEpamOpera" verbose="1">
    <test name="Test">
        <classes>
            <class name="com.example.tests.Test1" >
                <methods>
                    <include name = "checkAlert"/>
                </methods>
            </class>
        </classes>
    </test>
</suite>